<?xml version="1.0" encoding="UTF-8"?>
<!-- Generated by org.testng.reporters.JUnitReportReporter -->
<testsuite skipped="0" hostname="Sachin" name="testNG.AnnotationInvocationCount" tests="5" failures="0" timestamp="19 Sep 2022 15:25:03 GMT" time="0.025" errors="0">
  <testcase name="login" time="0.002" classname="testNG.AnnotationInvocationCount"/>
  <testcase name="login" time="0.004" classname="testNG.AnnotationInvocationCount"/>
  <testcase name="login" time="0.003" classname="testNG.AnnotationInvocationCount"/>
  <testcase name="login" time="0.014" classname="testNG.AnnotationInvocationCount"/>
  <testcase name="login" time="0.002" classname="testNG.AnnotationInvocationCount"/>
</testsuite> <!-- testNG.AnnotationInvocationCount -->
