<?xml version="1.0" encoding="UTF-8"?>
<!-- Generated by org.testng.reporters.JUnitReportReporter -->
<testsuite skipped="0" hostname="Sachin" name="testNG.Example4" tests="1" failures="0" timestamp="19 Sep 2022 14:55:26 GMT" time="0.016" errors="0">
  <testcase name="c_compose" time="0.016" classname="testNG.Example4"/>
</testsuite> <!-- testNG.Example4 -->
