<?xml version="1.0" encoding="UTF-8"?>
<!-- Generated by org.testng.reporters.JUnitReportReporter -->
<testsuite skipped="0" hostname="Sachin" name="testNG.FirstTestNGWebScript" tests="1" failures="0" timestamp="20 Sep 2022 15:22:39 GMT" time="5.649" errors="0">
  <testcase name="testcase1" time="5.649" classname="testNG.FirstTestNGWebScript"/>
</testsuite> <!-- testNG.FirstTestNGWebScript -->
