<?xml version="1.0" encoding="UTF-8"?>
<!-- Generated by org.testng.reporters.JUnitReportReporter -->
<testsuite skipped="0" hostname="Sachin" name="testNGadvance.Parameterization" tests="4" failures="0" timestamp="2022-09-28T19:04:21 IST" time="9.541" errors="0">
  <testcase name="testCaseTwo" time="0.003" classname="testNGadvance.Parameterization"/>
  <system-out/>
  <testcase name="testCaseThree" time="0.003" classname="testNGadvance.Parameterization"/>
  <system-out/>
  <testcase name="testCaseOne" time="0.006" classname="testNGadvance.Parameterization"/>
  <system-out/>
  <testcase name="loginVtigerApp" time="9.529" classname="testNGadvance.Parameterization"/>
  <system-out/>
</testsuite> <!-- testNGadvance.Parameterization -->
