<?xml version="1.0" encoding="UTF-8"?>
<!-- Generated by org.testng.reporters.JUnitReportReporter -->
<testsuite skipped="0" hostname="Sachin" name="testNG.AnnotationClassLabel" tests="1" failures="0" timestamp="20 Sep 2022 14:41:46 GMT" time="0.019" errors="0">
  <testcase name="testcase1" time="0.019" classname="testNG.AnnotationClassLabel"/>
</testsuite> <!-- testNG.AnnotationClassLabel -->
