<?xml version="1.0" encoding="UTF-8"?>
<!-- Generated by org.testng.reporters.JUnitReportReporter -->
<testsuite skipped="0" hostname="Sachin" name="testNG.Example3" tests="1" failures="0" timestamp="19 Sep 2022 14:47:50 GMT" time="0.014" errors="0">
  <testcase name="testcase1" time="0.014" classname="testNG.Example3"/>
</testsuite> <!-- testNG.Example3 -->
