<?xml version="1.0" encoding="UTF-8"?>
<!-- Generated by org.testng.reporters.JUnitReportReporter -->
<testsuite skipped="0" hostname="Sachin" name="javascriptexecutor.VtigerApp" tests="1" failures="0" timestamp="2022-10-05T20:12:31 IST" time="51.662" errors="0">
  <testcase name="loginVtigerApp" time="51.662" classname="javascriptexecutor.VtigerApp"/>
  <system-out/>
</testsuite> <!-- javascriptexecutor.VtigerApp -->
