<?xml version="1.0" encoding="UTF-8"?>
<!-- Generated by org.testng.reporters.JUnitReportReporter -->
<testsuite skipped="0" hostname="Sachin" name="javascriptexecutor.ActiTimeApp" tests="1" failures="0" timestamp="2022-10-05T20:51:50 IST" time="12.894" errors="0">
  <testcase name="loginActiTimeApp" time="12.894" classname="javascriptexecutor.ActiTimeApp"/>
  <system-out/>
</testsuite> <!-- javascriptexecutor.ActiTimeApp -->
