<?xml version="1.0" encoding="UTF-8"?>
<!-- Generated by org.testng.reporters.JUnitReportReporter -->
<testsuite skipped="0" hostname="Sachin" name="testNGadvance.DataProvider2" tests="3" failures="0" timestamp="2022-09-27T17:40:15 IST" time="27.546" errors="0">
  <testcase name="loginVtigerApp" time="13.395" classname="testNGadvance.DataProvider2"/>
  <system-out/>
  <testcase name="loginVtigerApp" time="8.543" classname="testNGadvance.DataProvider2"/>
  <system-out/>
  <testcase name="loginVtigerApp" time="5.608" classname="testNGadvance.DataProvider2"/>
  <system-out/>
</testsuite> <!-- testNGadvance.DataProvider2 -->
