<?xml version="1.0" encoding="UTF-8"?>
<!-- Generated by org.testng.reporters.JUnitReportReporter -->
<testsuite skipped="0" hostname="Sachin" name="javascriptexecutor.Flipkart" tests="1" failures="0" timestamp="2022-10-05T21:15:56 IST" time="67.734" errors="0">
  <testcase name="loginFlipkart" time="67.734" classname="javascriptexecutor.Flipkart"/>
  <system-out/>
</testsuite> <!-- javascriptexecutor.Flipkart -->
