<?xml version="1.0" encoding="UTF-8"?>
<!-- Generated by org.testng.reporters.JUnitReportReporter -->
<testsuite skipped="0" hostname="Sachin" name="testNG.Example2" tests="1" failures="0" timestamp="19 Sep 2022 14:37:16 GMT" time="0.020" errors="0">
  <testcase name="testcase2" time="0.020" classname="testNG.Example2"/>
</testsuite> <!-- testNG.Example2 -->
