<?xml version="1.0" encoding="UTF-8"?>
<!-- Generated by org.testng.reporters.JUnitReportReporter -->
<testsuite skipped="0" hostname="Sachin" name="testNG.AnnotationPriority" tests="4" failures="0" timestamp="19 Sep 2022 15:09:14 GMT" time="0.030" errors="0">
  <testcase name="logoutClose" time="0.013" classname="testNG.AnnotationPriority"/>
  <testcase name="openBrowserAndAppUrl" time="0.003" classname="testNG.AnnotationPriority"/>
  <testcase name="login" time="0.010" classname="testNG.AnnotationPriority"/>
  <testcase name="createTask" time="0.004" classname="testNG.AnnotationPriority"/>
</testsuite> <!-- testNG.AnnotationPriority -->
