<?xml version="1.0" encoding="UTF-8"?>
<!-- Generated by org.testng.reporters.JUnitReportReporter -->
<testsuite skipped="0" hostname="Sachin" name="testNGadvance.IncludeAndExclude" tests="2" failures="0" timestamp="2022-09-28T19:09:42 IST" time="0.013" errors="0">
  <testcase name="testcaseone" time="0.010" classname="testNGadvance.IncludeAndExclude"/>
  <system-out/>
  <testcase name="testcasethree" time="0.003" classname="testNGadvance.IncludeAndExclude"/>
  <system-out/>
</testsuite> <!-- testNGadvance.IncludeAndExclude -->
