<?xml version="1.0" encoding="UTF-8"?>
<!-- Generated by org.testng.reporters.JUnitReportReporter -->
<testsuite skipped="0" hostname="Sachin" name="datadriventesting.ExcelUpdate" tests="1" failures="0" timestamp="24 Sep 2022 15:28:36 GMT" time="0.714" errors="0">
  <testcase name="UpdateCellDetails" time="0.714" classname="datadriventesting.ExcelUpdate"/>
</testsuite> <!-- datadriventesting.ExcelUpdate -->
