<?xml version="1.0" encoding="UTF-8"?>
<!-- Generated by org.testng.reporters.JUnitReportReporter -->
<testsuite skipped="0" hostname="Sachin" name="assignment.Orangehrm" tests="1" failures="0" timestamp="2022-10-03T15:08:29 IST" time="15.431" errors="0">
  <testcase name="loginOrangehrm" time="15.431" classname="assignment.Orangehrm"/>
  <system-out/>
</testsuite> <!-- assignment.Orangehrm -->
