<?xml version="1.0" encoding="UTF-8"?>
<!-- Generated by org.testng.reporters.JUnitReportReporter -->
<testsuite skipped="0" hostname="Sachin" name="testNG.Example1" tests="4" failures="0" timestamp="19 Sep 2022 14:31:23 GMT" time="0.035" errors="0">
  <testcase name="testcase4" time="0.003" classname="testNG.Example1"/>
  <testcase name="testcase2" time="0.002" classname="testNG.Example1"/>
  <testcase name="testcase3" time="0.013" classname="testNG.Example1"/>
  <testcase name="testcase1" time="0.017" classname="testNG.Example1"/>
</testsuite> <!-- testNG.Example1 -->
