<?xml version="1.0" encoding="UTF-8"?>
<!-- Generated by org.testng.reporters.JUnitReportReporter -->
<testsuite skipped="0" hostname="Sachin" name="brokenlinks.BrokenLinksExample" tests="1" failures="0" timestamp="2022-10-05T19:47:10 IST" time="12.870" errors="0">
  <testcase name="testLinks" time="12.870" classname="brokenlinks.BrokenLinksExample"/>
  <system-out/>
</testsuite> <!-- brokenlinks.BrokenLinksExample -->
