<?xml version="1.0" encoding="UTF-8"?>
<!-- Generated by org.testng.reporters.JUnitReportReporter -->
<testsuite skipped="0" hostname="Sachin" name="testNGadvance.DataProvider" tests="3" failures="0" timestamp="2022-09-27T17:21:42 IST" time="0.019" errors="0">
  <testcase name="setData" time="0.003" classname="testNGadvance.DataProvider"/>
  <system-out/>
  <testcase name="setData" time="0.003" classname="testNGadvance.DataProvider"/>
  <system-out/>
  <testcase name="setData" time="0.013" classname="testNGadvance.DataProvider"/>
  <system-out/>
</testsuite> <!-- testNGadvance.DataProvider -->
