<?xml version="1.0" encoding="UTF-8"?>
<!-- Generated by org.testng.reporters.JUnitReportReporter -->
<testsuite skipped="0" hostname="Sachin" name="testNG.AnnotationDescription" tests="4" failures="0" timestamp="19 Sep 2022 16:10:44 GMT" time="0.025" errors="0">
  <testcase name="logoutClose" time="0.015" classname="testNG.AnnotationDescription"/>
  <testcase name="createTask" time="0.002" classname="testNG.AnnotationDescription"/>
  <testcase name="login" time="0.004" classname="testNG.AnnotationDescription"/>
  <testcase name="openBrowserAndAppUrl" time="0.004" classname="testNG.AnnotationDescription"/>
</testsuite> <!-- testNG.AnnotationDescription -->
