<?xml version="1.0" encoding="UTF-8"?>
<!-- Generated by org.testng.reporters.JUnitReportReporter -->
<testsuite skipped="2" hostname="Sachin" name="testNG.AnnotationEnable" tests="4" failures="0" timestamp="19 Sep 2022 15:19:02 GMT" time="0.014" errors="0">
  <testcase name="login" time="0.002" classname="testNG.AnnotationEnable"/>
  <testcase name="close" time="0.012" classname="testNG.AnnotationEnable"/>
  <testcase name="cerateTask" classname="testNG.AnnotationEnable">
    <skipped/>
  </testcase> <!-- cerateTask -->
  <testcase name="openBrowserAndAppUrl" classname="testNG.AnnotationEnable">
    <skipped/>
  </testcase> <!-- openBrowserAndAppUrl -->
</testsuite> <!-- testNG.AnnotationEnable -->
