<?xml version="1.0" encoding="UTF-8"?>
<!-- Generated by org.testng.reporters.JUnitReportReporter -->
<testsuite skipped="0" hostname="Sachin" name="testNG.AnnotationExpectedException" tests="2" failures="0" timestamp="19 Sep 2022 15:44:04 GMT" time="0.015" errors="0">
  <testcase name="arrayIndexOfBoundExceptionEx" time="0.012" classname="testNG.AnnotationExpectedException"/>
  <testcase name="divideByZeroExample" time="0.003" classname="testNG.AnnotationExpectedException"/>
</testsuite> <!-- testNG.AnnotationExpectedException -->
