<?xml version="1.0" encoding="UTF-8"?>
<!-- Generated by org.testng.reporters.JUnitReportReporter -->
<testsuite skipped="0" hostname="Sachin" name="testNGadvance.GroupExamples" tests="2" failures="0" timestamp="2022-09-27T15:56:43 IST" time="0.017" errors="0">
  <testcase name="testcase1" time="0.015" classname="testNGadvance.GroupExamples"/>
  <system-out/>
  <testcase name="testcase3" time="0.002" classname="testNGadvance.GroupExamples"/>
  <system-out/>
</testsuite> <!-- testNGadvance.GroupExamples -->
