<?xml version="1.0" encoding="UTF-8"?>
<!-- Generated by org.testng.reporters.JUnitReportReporter -->
<testsuite hostname="Sachin" name="testscripts.TestLoginPage" tests="1" failures="0" timestamp="7 Oct 2022 06:12:19 GMT" time="13.697" errors="0">
  <testcase name="testVtigerLogin" time="13.697" classname="testscripts.TestLoginPage"/>
</testsuite> <!-- testscripts.TestLoginPage -->
